==============================================================================
Suites                                                                        
==============================================================================
Suites.Login Xl                                                               
==============================================================================
LoginTestwithExcel admin@yourstore.com                                | PASS |
------------------------------------------------------------------------------
LoginTestwithExcel admin@yourstore.com                                | PASS |
------------------------------------------------------------------------------
LoginTestwithExcel adm@yourstore.com                                  | PASS |
------------------------------------------------------------------------------
LoginTestwithExcel adm@yourstore.com                                  | PASS |
------------------------------------------------------------------------------
Suites.Login Xl                                                       | PASS |
4 tests, 4 passed, 0 failed
==============================================================================
Suites                                                                | PASS |
4 tests, 4 passed, 0 failed
==============================================================================
Output:  C:\Users\vpandey1\PycharmProjects\robot-framework\Robot-scripts\Results\pabot_results\2\output.xml
